<?xml version="1.0" encoding="UTF-8"?>
<!-- Generated by org.testng.reporters.JUnitReportReporter -->
<testsuite name="Demo.Selenium.AnotationsPractice" tests="3" time="14.180" ignored="0" failures="0" timestamp="17 Oct 2017 06:45:38 GMT" skipped="0" hostname="BLRPRAGWD22706" errors="0">
  <testcase name="test1" time="5.082" classname="Demo.Selenium.AnotationsPractice"/>
  <testcase name="test1" time="4.503" classname="Demo.Selenium.AnotationsPractice"/>
  <testcase name="test1" time="4.595" classname="Demo.Selenium.AnotationsPractice"/>
</testsuite> <!-- Demo.Selenium.AnotationsPractice -->
